<?xml version="1.0" encoding="UTF-8"?>
<!-- Generated by org.testng.reporters.JUnitXMLReporter -->
<testsuite ignored="3" hostname="HariDarshana" failures="0" tests="0" time="0.019" errors="0" timestamp="2023-01-12T10:07:28 CST">
  <testcase classname="ninjasurvivors.LMS_Hackathon_NinjaSurvivors" name="saveProgram" time="0.0">
    <ignored/>
  </testcase> <!-- saveProgram -->
  <testcase classname="ninjasurvivors.LMS_Hackathon_NinjaSurvivors" name="getProgramById" time="0.0">
    <ignored/>
  </testcase> <!-- getProgramById -->
  <testcase classname="ninjasurvivors.LMS_Hackathon_NinjaSurvivors" name="getAllPrograms" time="0.0">
    <ignored/>
  </testcase> <!-- getAllPrograms -->
</testsuite>
